2019-02-28 17:24:59,014 - BasePage - $(levelname)s - 输入内容admin
2019-02-28 17:24:59,284 - BasePage - $(levelname)s - 输入内容shj1996
2019-02-28 17:24:59,512 - BasePage - $(levelname)s - 点击成功
2019-02-28 17:25:02,182 - BasePage - $(levelname)s - 点击成功
2019-02-28 17:25:02,656 - BasePage - $(levelname)s - 输入内容我的第一个帖子！！！！
2019-02-28 17:25:03,122 - BasePage - $(levelname)s - 输入内容好海奥，感觉人生已经到达了巅峰！！！！
2019-02-28 17:25:04,906 - BasePage - $(levelname)s - 点击成功
2019-02-28 17:25:05,467 - BasePage - $(levelname)s - 输入内容老哥，稳啊！墙都不服就服你！！！！！
2019-02-28 17:25:06,154 - BasePage - $(levelname)s - 点击成功
2019-02-28 17:25:06,933 - BasePage - $(levelname)s - 点击成功
2019-02-28 17:25:14,967 - BasePage - $(levelname)s - 输入内容admin
2019-02-28 17:25:15,254 - BasePage - $(levelname)s - 输入内容shj1996
2019-02-28 17:25:15,479 - BasePage - $(levelname)s - 点击成功
2019-02-28 17:25:18,099 - BasePage - $(levelname)s - 点击成功
2019-02-28 17:25:18,367 - BasePage - $(levelname)s - 点击成功
2019-02-28 17:25:19,060 - BasePage - $(levelname)s - 点击成功
2019-02-28 17:25:20,136 - BasePage - $(levelname)s - 点击成功
2019-02-28 17:25:20,618 - BasePage - $(levelname)s - 点击成功
2019-02-28 17:25:21,963 - BasePage - $(levelname)s - 输入内容shj1996
2019-02-28 17:25:43,510 - BasePage - $(levelname)s - 点击成功
2019-02-28 17:25:44,067 - BasePage - $(levelname)s - 点击成功
2019-02-28 17:25:44,488 - BasePage - $(levelname)s - 点击成功
2019-02-28 17:25:45,079 - BasePage - $(levelname)s - 点击成功
2019-02-28 17:25:45,871 - BasePage - $(levelname)s - 点击成功
2019-02-28 17:25:46,486 - BasePage - $(levelname)s - 点击成功
2019-02-28 17:25:49,064 - BasePage - $(levelname)s - 输入内容shj1
2019-02-28 17:25:49,309 - BasePage - $(levelname)s - 输入内容123456
2019-02-28 17:25:49,514 - BasePage - $(levelname)s - 点击成功
2019-02-28 17:25:51,536 - BasePage - $(levelname)s - 点击成功
2019-02-28 17:25:52,004 - BasePage - $(levelname)s - 输入内容我的第二个帖.......
2019-02-28 17:25:52,558 - BasePage - $(levelname)s - 输入内容符合符合华为黑发黑丝的开发商地多喝点客服端
2019-02-28 17:25:54,266 - BasePage - $(levelname)s - 点击成功
2019-02-28 17:26:09,683 - BasePage - $(levelname)s - 输入内容大老牛逼，秒天秒地秒空气
2019-02-28 17:26:10,368 - BasePage - $(levelname)s - 点击成功
2019-02-28 17:26:10,749 - BasePage - $(levelname)s - 点击成功
2019-02-28 17:26:18,873 - BasePage - $(levelname)s - 输入内容shj1
2019-02-28 17:26:19,143 - BasePage - $(levelname)s - 输入内容123456
2019-02-28 17:26:19,363 - BasePage - $(levelname)s - 点击成功
2019-02-28 17:26:20,977 - BasePage - $(levelname)s - 输入内容haotest
2019-02-28 17:26:22,266 - BasePage - $(levelname)s - 点击成功
2019-02-28 17:26:34,501 - BasePage - $(levelname)s - <pageobjects.discuz_user_homepage.HomePage object at 0x000001BA3E78CC50>页面元素未找到('xpath', '//li[@id="51"]/h3/a')元素
2019-02-28 17:26:34,501 - BasePage - $(levelname)s - 点击失败'NoneType' object has no attribute 'click'
2019-02-28 17:26:48,055 - BasePage - $(levelname)s - 输入内容admin
2019-02-28 17:26:48,332 - BasePage - $(levelname)s - 输入内容shj1996
2019-02-28 17:26:48,557 - BasePage - $(levelname)s - 点击成功
2019-02-28 17:26:50,874 - BasePage - $(levelname)s - 点击成功
2019-02-28 17:26:52,300 - BasePage - $(levelname)s - 点击成功
2019-02-28 17:26:53,523 - BasePage - $(levelname)s - 点击成功
2019-02-28 17:26:54,263 - BasePage - $(levelname)s - 输入内容11111111111111111
2019-02-28 17:26:54,843 - BasePage - $(levelname)s - 输入内容5555555555555555
2019-02-28 17:26:55,312 - BasePage - $(levelname)s - 输入内容6666666666666666
2019-02-28 17:26:55,732 - BasePage - $(levelname)s - 输入内容7777777777777
2019-02-28 17:26:56,037 - BasePage - $(levelname)s - 点击成功
2019-02-28 17:26:57,902 - BasePage - $(levelname)s - 点击成功
2019-02-28 17:26:59,286 - BasePage - $(levelname)s - 点击成功
2019-02-28 17:26:59,513 - BasePage - $(levelname)s - 获取成功
2019-02-28 17:26:59,682 - BasePage - $(levelname)s - 获取成功
2019-02-28 17:26:59,864 - BasePage - $(levelname)s - 获取成功
2019-02-28 17:27:00,024 - BasePage - $(levelname)s - 获取成功
2019-02-28 17:27:00,174 - BasePage - $(levelname)s - 获取成功
2019-02-28 17:27:00,311 - BasePage - $(levelname)s - 获取成功
2019-02-28 17:27:00,447 - BasePage - $(levelname)s - 获取成功
