2019-02-28 16:41:42,566 - BasePage - $(levelname)s - 输入内容admin
2019-02-28 16:41:42,863 - BasePage - $(levelname)s - 输入内容shj1996
2019-02-28 16:41:43,082 - BasePage - $(levelname)s - 点击成功
2019-02-28 16:41:45,504 - BasePage - $(levelname)s - 点击成功
2019-02-28 16:41:45,747 - BasePage - $(levelname)s - 点击成功
2019-02-28 16:41:46,622 - BasePage - $(levelname)s - 点击成功
2019-02-28 16:41:47,942 - BasePage - $(levelname)s - 点击成功
2019-02-28 16:41:48,448 - BasePage - $(levelname)s - 点击成功
2019-02-28 16:41:49,857 - BasePage - $(levelname)s - 输入内容shj1996
2019-02-28 16:42:12,537 - BasePage - $(levelname)s - 点击成功
2019-02-28 16:42:13,084 - BasePage - $(levelname)s - 点击成功
2019-02-28 16:42:13,498 - BasePage - $(levelname)s - 点击成功
2019-02-28 16:42:14,095 - BasePage - $(levelname)s - 点击成功
2019-02-28 16:42:15,008 - BasePage - $(levelname)s - 点击成功
2019-02-28 16:42:15,645 - BasePage - $(levelname)s - 点击成功
2019-02-28 16:42:18,232 - BasePage - $(levelname)s - 输入内容shj1
2019-02-28 16:42:18,495 - BasePage - $(levelname)s - 输入内容123456
2019-02-28 16:42:18,721 - BasePage - $(levelname)s - 点击成功
2019-02-28 16:42:23,463 - BasePage - $(levelname)s - 点击成功
2019-02-28 16:42:23,933 - BasePage - $(levelname)s - 输入内容我的第二个帖子！！！！！
2019-02-28 16:42:24,511 - BasePage - $(levelname)s - 输入内容符合符合华为黑发黑丝的开发商地多喝点客服端
2019-02-28 16:42:26,439 - BasePage - $(levelname)s - 点击成功
2019-02-28 16:42:42,013 - BasePage - $(levelname)s - 输入内容大老牛逼，秒天秒地秒空气
2019-02-28 16:42:42,792 - BasePage - $(levelname)s - 点击成功
2019-02-28 16:42:43,684 - BasePage - $(levelname)s - 点击成功
