2019-02-28 17:19:33,371 - BasePage - $(levelname)s - 输入内容admin
2019-02-28 17:19:33,641 - BasePage - $(levelname)s - 输入内容shj1996
2019-02-28 17:19:33,865 - BasePage - $(levelname)s - 点击成功
2019-02-28 17:19:36,273 - BasePage - $(levelname)s - 点击成功
2019-02-28 17:19:36,926 - BasePage - $(levelname)s - 输入内容我的第一个帖子！！！！
2019-02-28 17:19:37,471 - BasePage - $(levelname)s - 输入内容好海奥，感觉人生已经到达了巅峰！！！！
2019-02-28 17:19:37,720 - BasePage - $(levelname)s - 点击成功
2019-02-28 17:19:38,240 - BasePage - $(levelname)s - 输入内容老哥，稳啊！墙都不服就服你！！！！！
2019-02-28 17:19:40,044 - BasePage - $(levelname)s - 点击成功
2019-02-28 17:19:40,627 - BasePage - $(levelname)s - 点击成功
2019-02-28 17:19:49,808 - BasePage - $(levelname)s - 输入内容admin
2019-02-28 17:19:50,081 - BasePage - $(levelname)s - 输入内容shj1996
2019-02-28 17:19:50,307 - BasePage - $(levelname)s - 点击成功
2019-02-28 17:19:52,898 - BasePage - $(levelname)s - 点击成功
2019-02-28 17:19:53,155 - BasePage - $(levelname)s - 点击成功
2019-02-28 17:19:53,818 - BasePage - $(levelname)s - 点击成功
2019-02-28 17:19:54,914 - BasePage - $(levelname)s - 点击成功
2019-02-28 17:19:55,391 - BasePage - $(levelname)s - 点击成功
2019-02-28 17:19:56,742 - BasePage - $(levelname)s - 输入内容shj1996
2019-02-28 17:20:18,083 - BasePage - $(levelname)s - 点击成功
2019-02-28 17:20:18,609 - BasePage - $(levelname)s - 点击成功
2019-02-28 17:20:19,045 - BasePage - $(levelname)s - 点击成功
2019-02-28 17:20:19,606 - BasePage - $(levelname)s - 点击成功
2019-02-28 17:20:20,403 - BasePage - $(levelname)s - 点击成功
2019-02-28 17:20:20,978 - BasePage - $(levelname)s - 点击成功
2019-02-28 17:20:23,494 - BasePage - $(levelname)s - 输入内容shj1
2019-02-28 17:20:23,765 - BasePage - $(levelname)s - 输入内容123456
2019-02-28 17:20:23,988 - BasePage - $(levelname)s - 点击成功
2019-02-28 17:20:25,967 - BasePage - $(levelname)s - 点击成功
2019-02-28 17:20:26,414 - BasePage - $(levelname)s - 输入内容我的第二个帖.......
2019-02-28 17:20:26,998 - BasePage - $(levelname)s - 输入内容符合符合华为黑发黑丝的开发商地多喝点客服端
2019-02-28 17:20:28,900 - BasePage - $(levelname)s - 点击成功
2019-02-28 17:20:44,341 - BasePage - $(levelname)s - 输入内容大老牛逼，秒天秒地秒空气
2019-02-28 17:20:45,053 - BasePage - $(levelname)s - 点击成功
2019-02-28 17:20:45,735 - BasePage - $(levelname)s - 点击成功
2019-02-28 17:20:53,777 - BasePage - $(levelname)s - 输入内容shj1
2019-02-28 17:20:54,036 - BasePage - $(levelname)s - 输入内容123456
2019-02-28 17:20:54,256 - BasePage - $(levelname)s - 点击成功
2019-02-28 17:20:55,874 - BasePage - $(levelname)s - 输入内容haotest
2019-02-28 17:20:57,121 - BasePage - $(levelname)s - 点击成功
2019-02-28 17:21:09,300 - BasePage - $(levelname)s - <pageobjects.discuz_user_homepage.HomePage object at 0x00000113837BCE48>页面元素未找到('xpath', '//li[@id="51"]/h3/a')元素
2019-02-28 17:21:09,300 - BasePage - $(levelname)s - 点击失败'NoneType' object has no attribute 'click'
