2019-02-28 18:53:06,689 - BasePage - $(levelname)s - 输入内容admin
2019-02-28 18:53:07,236 - BasePage - $(levelname)s - 输入内容shj1996
2019-02-28 18:53:08,688 - BasePage - $(levelname)s - 点击成功
2019-02-28 18:53:16,783 - BasePage - $(levelname)s - 点击成功
2019-02-28 18:53:18,593 - BasePage - $(levelname)s - 输入内容我的第一个帖子！！！！
2019-02-28 18:53:19,602 - BasePage - $(levelname)s - 输入内容好海奥，感觉人生已经到达了巅峰！！！！
2019-02-28 18:54:07,019 - BasePage - $(levelname)s - 点击成功
2019-02-28 18:54:07,769 - BasePage - $(levelname)s - 输入内容老哥，稳啊！墙都不服就服你！！！！！
2019-02-28 18:54:08,667 - BasePage - $(levelname)s - 点击成功
2019-02-28 18:54:09,998 - BasePage - $(levelname)s - 点击成功
2019-02-28 18:54:18,838 - BasePage - $(levelname)s - 输入内容admin
2019-02-28 18:54:19,174 - BasePage - $(levelname)s - 输入内容shj1996
2019-02-28 18:54:19,389 - BasePage - $(levelname)s - 点击成功
2019-02-28 18:54:22,696 - BasePage - $(levelname)s - 点击成功
2019-02-28 18:54:22,998 - BasePage - $(levelname)s - 点击成功
2019-02-28 18:54:24,063 - BasePage - $(levelname)s - 点击成功
2019-02-28 18:54:25,784 - BasePage - $(levelname)s - 点击成功
2019-02-28 18:54:26,592 - BasePage - $(levelname)s - 点击成功
2019-02-28 18:54:28,076 - BasePage - $(levelname)s - 输入内容shj1996
2019-02-28 18:54:58,754 - BasePage - $(levelname)s - 点击成功
2019-02-28 18:54:59,478 - BasePage - $(levelname)s - 点击成功
2019-02-28 18:55:00,016 - BasePage - $(levelname)s - 点击成功
2019-02-28 18:55:00,783 - BasePage - $(levelname)s - 点击成功
2019-02-28 18:55:01,723 - BasePage - $(levelname)s - 点击成功
2019-02-28 18:55:02,272 - BasePage - $(levelname)s - 点击成功
2019-02-28 18:55:04,870 - BasePage - $(levelname)s - 输入内容shj1
2019-02-28 18:55:05,157 - BasePage - $(levelname)s - 输入内容123456
2019-02-28 18:55:05,361 - BasePage - $(levelname)s - 点击成功
2019-02-28 18:55:07,329 - BasePage - $(levelname)s - 点击成功
2019-02-28 18:55:07,910 - BasePage - $(levelname)s - 输入内容我的第二个帖.......
2019-02-28 18:55:08,666 - BasePage - $(levelname)s - 输入内容符合符合华为黑发黑丝的开发商地多喝点客服端
2019-02-28 18:59:24,580 - BasePage - $(levelname)s - 点击成功
2019-02-28 18:59:40,122 - BasePage - $(levelname)s - 输入内容大老牛逼，秒天秒地秒空气
2019-02-28 18:59:40,827 - BasePage - $(levelname)s - 点击成功
2019-02-28 18:59:41,564 - BasePage - $(levelname)s - 点击成功
2019-02-28 18:59:49,729 - BasePage - $(levelname)s - 输入内容shj1
2019-02-28 18:59:50,045 - BasePage - $(levelname)s - 输入内容123456
2019-02-28 18:59:50,268 - BasePage - $(levelname)s - 点击成功
2019-02-28 18:59:51,996 - BasePage - $(levelname)s - 输入内容haotest
2019-02-28 18:59:53,273 - BasePage - $(levelname)s - 点击成功
2019-02-28 18:59:54,649 - BasePage - $(levelname)s - 点击成功
2019-02-28 19:00:00,530 - BasePage - $(levelname)s - 点击成功
2019-02-28 19:00:03,058 - BasePage - $(levelname)s - 点击成功
2019-02-28 19:00:11,565 - BasePage - $(levelname)s - 输入内容admin
2019-02-28 19:00:11,893 - BasePage - $(levelname)s - 输入内容shj1996
2019-02-28 19:00:12,119 - BasePage - $(levelname)s - 点击成功
2019-02-28 19:00:14,611 - BasePage - $(levelname)s - 点击成功
2019-02-28 19:00:16,104 - BasePage - $(levelname)s - 点击成功
2019-02-28 19:00:17,538 - BasePage - $(levelname)s - 点击成功
2019-02-28 19:00:18,431 - BasePage - $(levelname)s - 输入内容11111111111111111
2019-02-28 19:00:19,015 - BasePage - $(levelname)s - 输入内容5555555555555555
2019-02-28 19:00:19,578 - BasePage - $(levelname)s - 输入内容6666666666666666
2019-02-28 19:00:20,064 - BasePage - $(levelname)s - 输入内容7777777777777
2019-02-28 19:00:20,400 - BasePage - $(levelname)s - 点击成功
2019-02-28 19:01:58,068 - BasePage - $(levelname)s - 点击成功
2019-02-28 19:01:59,808 - BasePage - $(levelname)s - 点击成功
2019-02-28 19:01:59,969 - BasePage - $(levelname)s - 获取成功
2019-02-28 19:02:00,116 - BasePage - $(levelname)s - 获取成功
2019-02-28 19:02:00,246 - BasePage - $(levelname)s - 获取成功
2019-02-28 19:02:00,388 - BasePage - $(levelname)s - 获取成功
2019-02-28 19:02:00,519 - BasePage - $(levelname)s - 获取成功
2019-02-28 19:02:00,659 - BasePage - $(levelname)s - 获取成功
2019-02-28 19:02:00,789 - BasePage - $(levelname)s - 获取成功
