2019-02-27 16:59:27,458 - BasePage - $(levelname)s - 输入内容admin
2019-02-27 16:59:27,772 - BasePage - $(levelname)s - 输入内容shj1996
2019-02-27 16:59:28,013 - BasePage - $(levelname)s - 点击成功
2019-02-27 16:59:30,703 - BasePage - $(levelname)s - 点击成功
2019-02-27 16:59:31,190 - BasePage - $(levelname)s - 点击成功
2019-02-27 16:59:31,996 - BasePage - $(levelname)s - 点击成功
2019-02-27 16:59:32,388 - BasePage - $(levelname)s - 点击成功
2019-02-27 16:59:33,766 - BasePage - $(levelname)s - 输入内容shj1996
2019-02-27 16:59:55,413 - BasePage - $(levelname)s - 点击成功
2019-02-27 16:59:56,021 - BasePage - $(levelname)s - 点击成功
2019-02-27 16:59:56,548 - BasePage - $(levelname)s - 点击成功
2019-02-27 16:59:57,224 - BasePage - $(levelname)s - 点击成功
2019-02-27 16:59:58,116 - BasePage - $(levelname)s - 点击成功
2019-02-27 16:59:58,739 - BasePage - $(levelname)s - 点击成功
2019-02-27 17:00:01,601 - BasePage - $(levelname)s - 输入内容shj1
2019-02-27 17:00:01,882 - BasePage - $(levelname)s - 输入内容123456
2019-02-27 17:00:02,122 - BasePage - $(levelname)s - 点击成功
2019-02-27 17:00:04,318 - BasePage - $(levelname)s - 点击成功
2019-02-27 17:00:04,755 - BasePage - $(levelname)s - 输入内容我的第二个帖子！！！！！
2019-02-27 17:00:05,392 - BasePage - $(levelname)s - 输入内容符合符合华为黑发黑丝的开发商地多喝点客服端
2019-02-27 17:00:05,684 - BasePage - $(levelname)s - 点击成功
2019-02-27 17:00:06,062 - BasePage - $(levelname)s - 输入内容大老牛逼，秒天秒地秒空气
2019-02-27 17:00:06,235 - BasePage - $(levelname)s - 点击成功
2019-02-27 17:00:06,893 - BasePage - $(levelname)s - 点击成功
