2019-02-28 14:58:15,129 - BasePage - $(levelname)s - 输入内容admin
2019-02-28 14:58:15,559 - BasePage - $(levelname)s - 输入内容shj1996
2019-02-28 14:58:15,969 - BasePage - $(levelname)s - 点击成功
2019-02-28 14:58:24,128 - BasePage - $(levelname)s - 点击成功
2019-02-28 14:58:24,754 - BasePage - $(levelname)s - 点击成功
2019-02-28 14:58:26,711 - BasePage - $(levelname)s - 点击成功
2019-02-28 14:58:27,490 - BasePage - $(levelname)s - 点击成功
2019-02-28 14:58:29,233 - BasePage - $(levelname)s - 输入内容shj1996
2019-02-28 14:59:04,427 - BasePage - $(levelname)s - 点击成功
2019-02-28 14:59:06,580 - BasePage - $(levelname)s - 点击成功
2019-02-28 14:59:08,348 - BasePage - $(levelname)s - 点击成功
2019-02-28 14:59:09,548 - BasePage - $(levelname)s - 点击成功
2019-02-28 14:59:10,719 - BasePage - $(levelname)s - 点击成功
2019-02-28 14:59:11,645 - BasePage - $(levelname)s - 点击成功
2019-02-28 14:59:14,421 - BasePage - $(levelname)s - 输入内容shj1
2019-02-28 14:59:14,759 - BasePage - $(levelname)s - 输入内容123456
2019-02-28 14:59:15,031 - BasePage - $(levelname)s - 点击成功
2019-02-28 14:59:17,445 - BasePage - $(levelname)s - 点击成功
2019-02-28 14:59:17,961 - BasePage - $(levelname)s - 输入内容我的第二个帖子！！！！！
2019-02-28 14:59:18,775 - BasePage - $(levelname)s - 输入内容符合符合华为黑发黑丝的开发商地多喝点客服端
2019-02-28 14:59:19,112 - BasePage - $(levelname)s - 点击成功
2019-02-28 14:59:19,818 - BasePage - $(levelname)s - 输入内容大老牛逼，秒天秒地秒空气
2019-02-28 14:59:20,059 - BasePage - $(levelname)s - 点击成功
2019-02-28 14:59:20,766 - BasePage - $(levelname)s - 点击成功
