2019-02-28 16:45:40,129 - BasePage - $(levelname)s - 输入内容admin
2019-02-28 16:45:40,417 - BasePage - $(levelname)s - 输入内容shj1996
2019-02-28 16:45:40,639 - BasePage - $(levelname)s - 点击成功
2019-02-28 16:45:43,067 - BasePage - $(levelname)s - 点击成功
2019-02-28 16:45:43,553 - BasePage - $(levelname)s - 点击成功
2019-02-28 16:45:44,537 - BasePage - $(levelname)s - 点击成功
2019-02-28 16:45:45,759 - BasePage - $(levelname)s - 点击成功
2019-02-28 16:45:46,240 - BasePage - $(levelname)s - 点击成功
2019-02-28 16:45:47,609 - BasePage - $(levelname)s - 输入内容shj1996
2019-02-28 16:46:09,151 - BasePage - $(levelname)s - 点击成功
2019-02-28 16:46:09,756 - BasePage - $(levelname)s - 点击成功
2019-02-28 16:46:10,208 - BasePage - $(levelname)s - 点击成功
2019-02-28 16:46:10,825 - BasePage - $(levelname)s - 点击成功
2019-02-28 16:46:11,686 - BasePage - $(levelname)s - 点击成功
2019-02-28 16:46:12,336 - BasePage - $(levelname)s - 点击成功
2019-02-28 16:46:14,931 - BasePage - $(levelname)s - 输入内容shj1
2019-02-28 16:46:15,184 - BasePage - $(levelname)s - 输入内容123456
2019-02-28 16:46:15,401 - BasePage - $(levelname)s - 点击成功
2019-02-28 16:46:20,180 - BasePage - $(levelname)s - 点击成功
2019-02-28 16:46:20,782 - BasePage - $(levelname)s - 输入内容我的第二个帖子！！！！！
2019-02-28 16:46:23,538 - BasePage - $(levelname)s - 输入内容符合符合华为黑发黑丝的开发商地多喝点客服端
2019-02-28 16:46:25,301 - BasePage - $(levelname)s - 点击成功
2019-02-28 16:46:40,771 - BasePage - $(levelname)s - 输入内容大老牛逼，秒天秒地秒空气
2019-02-28 16:46:41,636 - BasePage - $(levelname)s - 点击成功
2019-02-28 16:46:42,413 - BasePage - $(levelname)s - 点击成功
