2019-02-28 16:50:11,635 - BasePage - $(levelname)s - 输入内容admin
2019-02-28 16:50:11,940 - BasePage - $(levelname)s - 输入内容shj1996
2019-02-28 16:50:12,183 - BasePage - $(levelname)s - 点击成功
2019-02-28 16:50:15,650 - BasePage - $(levelname)s - 点击成功
2019-02-28 16:50:15,903 - BasePage - $(levelname)s - 点击成功
2019-02-28 16:50:16,862 - BasePage - $(levelname)s - 点击成功
2019-02-28 16:50:18,043 - BasePage - $(levelname)s - 点击成功
2019-02-28 16:50:18,543 - BasePage - $(levelname)s - 点击成功
2019-02-28 16:50:19,965 - BasePage - $(levelname)s - 输入内容shj1996
2019-02-28 16:50:45,912 - BasePage - $(levelname)s - 点击成功
2019-02-28 16:50:46,468 - BasePage - $(levelname)s - 点击成功
2019-02-28 16:50:46,926 - BasePage - $(levelname)s - 点击成功
2019-02-28 16:50:47,566 - BasePage - $(levelname)s - 点击成功
2019-02-28 16:50:48,546 - BasePage - $(levelname)s - 点击成功
2019-02-28 16:50:49,148 - BasePage - $(levelname)s - 点击成功
2019-02-28 16:50:51,702 - BasePage - $(levelname)s - 输入内容shj1
2019-02-28 16:50:51,964 - BasePage - $(levelname)s - 输入内容123456
2019-02-28 16:50:52,186 - BasePage - $(levelname)s - 点击成功
2019-02-28 16:50:54,932 - BasePage - $(levelname)s - 点击成功
2019-02-28 16:50:55,424 - BasePage - $(levelname)s - 输入内容我的第二个帖.......
2019-02-28 16:50:56,015 - BasePage - $(levelname)s - 输入内容符合符合华为黑发黑丝的开发商地多喝点客服端
2019-02-28 16:50:57,974 - BasePage - $(levelname)s - 点击成功
2019-02-28 16:51:13,483 - BasePage - $(levelname)s - 输入内容大老牛逼，秒天秒地秒空气
2019-02-28 16:51:14,270 - BasePage - $(levelname)s - 点击成功
2019-02-28 16:51:15,009 - BasePage - $(levelname)s - 点击成功
