2019-02-28 16:48:11,964 - BasePage - $(levelname)s - 输入内容admin
2019-02-28 16:48:12,255 - BasePage - $(levelname)s - 输入内容shj1996
2019-02-28 16:48:12,482 - BasePage - $(levelname)s - 点击成功
2019-02-28 16:48:14,959 - BasePage - $(levelname)s - 点击成功
2019-02-28 16:48:15,459 - BasePage - $(levelname)s - 点击成功
2019-02-28 16:48:16,514 - BasePage - $(levelname)s - 点击成功
2019-02-28 16:48:17,768 - BasePage - $(levelname)s - 点击成功
2019-02-28 16:48:18,418 - BasePage - $(levelname)s - 点击成功
2019-02-28 16:48:19,842 - BasePage - $(levelname)s - 输入内容shj1996
2019-02-28 16:48:41,488 - BasePage - $(levelname)s - 点击成功
2019-02-28 16:48:42,678 - BasePage - $(levelname)s - 点击成功
2019-02-28 16:48:43,295 - BasePage - $(levelname)s - 点击成功
2019-02-28 16:48:43,977 - BasePage - $(levelname)s - 点击成功
2019-02-28 16:48:44,976 - BasePage - $(levelname)s - 点击成功
2019-02-28 16:48:45,666 - BasePage - $(levelname)s - 点击成功
2019-02-28 16:48:48,293 - BasePage - $(levelname)s - 输入内容shj1
2019-02-28 16:48:48,582 - BasePage - $(levelname)s - 输入内容123456
2019-02-28 16:48:48,856 - BasePage - $(levelname)s - 点击成功
2019-02-28 16:48:51,723 - BasePage - $(levelname)s - 点击成功
2019-02-28 16:48:52,138 - BasePage - $(levelname)s - 输入内容我的第二个帖子！！！！！
2019-02-28 16:48:52,730 - BasePage - $(levelname)s - 输入内容符合符合华为黑发黑丝的开发商地多喝点客服端
2019-02-28 16:48:54,814 - BasePage - $(levelname)s - 点击成功
2019-02-28 16:49:10,322 - BasePage - $(levelname)s - 输入内容大老牛逼，秒天秒地秒空气
2019-02-28 16:49:11,224 - BasePage - $(levelname)s - 点击成功
2019-02-28 16:49:12,250 - BasePage - $(levelname)s - 点击成功
