2019-02-28 17:47:45,180 - BasePage - $(levelname)s - 输入内容admin
2019-02-28 17:47:45,515 - BasePage - $(levelname)s - 输入内容shj1996
2019-02-28 17:47:45,752 - BasePage - $(levelname)s - 点击成功
2019-02-28 17:47:47,767 - BasePage - $(levelname)s - 点击成功
2019-02-28 17:47:48,339 - BasePage - $(levelname)s - 输入内容我的第一个帖子！！！！
2019-02-28 17:47:48,955 - BasePage - $(levelname)s - 输入内容好海奥，感觉人生已经到达了巅峰！！！！
2019-02-28 17:47:50,934 - BasePage - $(levelname)s - 点击成功
2019-02-28 17:47:51,564 - BasePage - $(levelname)s - 输入内容老哥，稳啊！墙都不服就服你！！！！！
2019-02-28 17:47:52,342 - BasePage - $(levelname)s - 点击成功
2019-02-28 17:47:53,122 - BasePage - $(levelname)s - 点击成功
2019-02-28 17:48:01,149 - BasePage - $(levelname)s - 输入内容admin
2019-02-28 17:48:01,414 - BasePage - $(levelname)s - 输入内容shj1996
2019-02-28 17:48:01,630 - BasePage - $(levelname)s - 点击成功
2019-02-28 17:48:04,588 - BasePage - $(levelname)s - 点击成功
2019-02-28 17:48:05,014 - BasePage - $(levelname)s - 点击成功
2019-02-28 17:48:05,768 - BasePage - $(levelname)s - 点击成功
2019-02-28 17:48:06,923 - BasePage - $(levelname)s - 点击成功
2019-02-28 17:48:07,383 - BasePage - $(levelname)s - 点击成功
2019-02-28 17:48:19,577 - BasePage - $(levelname)s - <pageobjects.discuz_admin_homepage.HomePage object at 0x0000016431243828>页面元素未找到('xpath', '//input[@type="password"]')元素
2019-02-28 17:48:19,578 - BasePage - $(levelname)s - 关闭网页失败'NoneType' object has no attribute 'send_keys'
2019-02-28 17:48:30,692 - BasePage - $(levelname)s - <pageobjects.discuz_admin_homepage.HomePage object at 0x0000016431243828>页面元素未找到('name', 'submit')元素
2019-02-28 17:48:30,692 - BasePage - $(levelname)s - 点击失败'NoneType' object has no attribute 'click'
2019-02-28 17:48:31,248 - BasePage - $(levelname)s - 点击成功
2019-02-28 17:48:31,685 - BasePage - $(levelname)s - 点击成功
2019-02-28 17:48:32,274 - BasePage - $(levelname)s - 点击成功
2019-02-28 17:48:33,192 - BasePage - $(levelname)s - 点击成功
2019-02-28 17:48:33,779 - BasePage - $(levelname)s - 点击成功
2019-02-28 17:48:36,335 - BasePage - $(levelname)s - 输入内容shj1
2019-02-28 17:48:36,579 - BasePage - $(levelname)s - 输入内容123456
2019-02-28 17:48:36,793 - BasePage - $(levelname)s - 点击成功
2019-02-28 17:48:38,824 - BasePage - $(levelname)s - 点击成功
2019-02-28 17:48:39,294 - BasePage - $(levelname)s - 输入内容我的第二个帖.......
2019-02-28 17:48:39,968 - BasePage - $(levelname)s - 输入内容符合符合华为黑发黑丝的开发商地多喝点客服端
2019-02-28 17:48:41,591 - BasePage - $(levelname)s - 点击成功
2019-02-28 17:48:57,000 - BasePage - $(levelname)s - 输入内容大老牛逼，秒天秒地秒空气
2019-02-28 17:48:57,673 - BasePage - $(levelname)s - 点击成功
2019-02-28 17:48:58,310 - BasePage - $(levelname)s - 点击成功
2019-02-28 17:49:06,904 - BasePage - $(levelname)s - 输入内容shj1
2019-02-28 17:49:07,158 - BasePage - $(levelname)s - 输入内容123456
2019-02-28 17:49:07,373 - BasePage - $(levelname)s - 点击成功
2019-02-28 17:49:09,027 - BasePage - $(levelname)s - 输入内容haotest
2019-02-28 17:49:10,308 - BasePage - $(levelname)s - 点击成功
2019-02-28 17:49:11,672 - BasePage - $(levelname)s - 点击成功
2019-02-28 17:49:17,315 - BasePage - $(levelname)s - 点击成功
2019-02-28 17:49:19,828 - BasePage - $(levelname)s - 点击成功
2019-02-28 17:49:28,911 - BasePage - $(levelname)s - 输入内容admin
2019-02-28 17:49:29,184 - BasePage - $(levelname)s - 输入内容shj1996
2019-02-28 17:49:29,414 - BasePage - $(levelname)s - 点击成功
2019-02-28 17:49:31,765 - BasePage - $(levelname)s - 点击成功
2019-02-28 17:49:33,112 - BasePage - $(levelname)s - 点击成功
2019-02-28 17:49:34,299 - BasePage - $(levelname)s - 点击成功
2019-02-28 17:49:35,064 - BasePage - $(levelname)s - 输入内容11111111111111111
2019-02-28 17:49:35,613 - BasePage - $(levelname)s - 输入内容5555555555555555
2019-02-28 17:49:36,092 - BasePage - $(levelname)s - 输入内容6666666666666666
2019-02-28 17:49:36,517 - BasePage - $(levelname)s - 输入内容7777777777777
2019-02-28 17:49:36,824 - BasePage - $(levelname)s - 点击成功
2019-02-28 17:49:38,953 - BasePage - $(levelname)s - 点击成功
2019-02-28 17:49:40,491 - BasePage - $(levelname)s - 点击成功
2019-02-28 17:49:40,693 - BasePage - $(levelname)s - 获取成功
2019-02-28 17:49:40,858 - BasePage - $(levelname)s - 获取成功
2019-02-28 17:49:40,998 - BasePage - $(levelname)s - 获取成功
2019-02-28 17:49:41,131 - BasePage - $(levelname)s - 获取成功
2019-02-28 17:49:41,272 - BasePage - $(levelname)s - 获取成功
2019-02-28 17:49:41,412 - BasePage - $(levelname)s - 获取成功
2019-02-28 17:49:41,552 - BasePage - $(levelname)s - 获取成功
