2019-02-28 17:34:29,920 - BasePage - $(levelname)s - 输入内容admin
2019-02-28 17:34:30,194 - BasePage - $(levelname)s - 输入内容shj1996
2019-02-28 17:34:30,410 - BasePage - $(levelname)s - 点击成功
2019-02-28 17:34:32,718 - BasePage - $(levelname)s - 点击成功
2019-02-28 17:34:33,333 - BasePage - $(levelname)s - 输入内容我的第一个帖子！！！！
2019-02-28 17:34:33,835 - BasePage - $(levelname)s - 输入内容好海奥，感觉人生已经到达了巅峰！！！！
2019-02-28 17:34:35,752 - BasePage - $(levelname)s - 点击成功
2019-02-28 17:34:36,363 - BasePage - $(levelname)s - 输入内容老哥，稳啊！墙都不服就服你！！！！！
2019-02-28 17:34:37,083 - BasePage - $(levelname)s - 点击成功
2019-02-28 17:34:37,885 - BasePage - $(levelname)s - 点击成功
2019-02-28 17:34:46,773 - BasePage - $(levelname)s - 输入内容admin
2019-02-28 17:34:47,052 - BasePage - $(levelname)s - 输入内容shj1996
2019-02-28 17:34:47,282 - BasePage - $(levelname)s - 点击成功
2019-02-28 17:34:49,943 - BasePage - $(levelname)s - 点击成功
2019-02-28 17:34:50,294 - BasePage - $(levelname)s - 点击成功
2019-02-28 17:34:50,987 - BasePage - $(levelname)s - 点击成功
2019-02-28 17:34:52,094 - BasePage - $(levelname)s - 点击成功
2019-02-28 17:34:52,543 - BasePage - $(levelname)s - 点击成功
2019-02-28 17:34:53,948 - BasePage - $(levelname)s - 输入内容shj1996
2019-02-28 17:35:15,326 - BasePage - $(levelname)s - 点击成功
2019-02-28 17:35:15,870 - BasePage - $(levelname)s - 点击成功
2019-02-28 17:35:16,288 - BasePage - $(levelname)s - 点击成功
2019-02-28 17:35:16,860 - BasePage - $(levelname)s - 点击成功
2019-02-28 17:35:17,642 - BasePage - $(levelname)s - 点击成功
2019-02-28 17:35:18,270 - BasePage - $(levelname)s - 点击成功
2019-02-28 17:35:20,861 - BasePage - $(levelname)s - 输入内容shj1
2019-02-28 17:35:21,125 - BasePage - $(levelname)s - 输入内容123456
2019-02-28 17:35:21,345 - BasePage - $(levelname)s - 点击成功
2019-02-28 17:35:23,471 - BasePage - $(levelname)s - 点击成功
2019-02-28 17:35:23,917 - BasePage - $(levelname)s - 输入内容我的第二个帖.......
2019-02-28 17:35:24,535 - BasePage - $(levelname)s - 输入内容符合符合华为黑发黑丝的开发商地多喝点客服端
2019-02-28 17:35:26,236 - BasePage - $(levelname)s - 点击成功
2019-02-28 17:35:41,686 - BasePage - $(levelname)s - 输入内容大老牛逼，秒天秒地秒空气
2019-02-28 17:35:42,375 - BasePage - $(levelname)s - 点击成功
2019-02-28 17:35:42,774 - BasePage - $(levelname)s - 点击成功
2019-02-28 17:35:50,880 - BasePage - $(levelname)s - 输入内容shj1
2019-02-28 17:35:51,152 - BasePage - $(levelname)s - 输入内容123456
2019-02-28 17:35:51,375 - BasePage - $(levelname)s - 点击成功
2019-02-28 17:35:53,048 - BasePage - $(levelname)s - 输入内容haotest
2019-02-28 17:35:54,316 - BasePage - $(levelname)s - 点击成功
2019-02-28 17:36:06,516 - BasePage - $(levelname)s - <pageobjects.discuz_user_homepage.HomePage object at 0x00000233A6A6CC50>页面元素未找到('xpath', '//li[@id="51"]/h3/a')元素
2019-02-28 17:36:06,516 - BasePage - $(levelname)s - 点击失败'NoneType' object has no attribute 'click'
2019-02-28 17:36:07,140 - BasePage - $(levelname)s - 点击成功
2019-02-28 17:36:18,246 - BasePage - $(levelname)s - <pageobjects.discuz_user_homepage.HomePage object at 0x00000233A6A6CC50>页面元素未找到('xpath', '//li[@id="51"]/h3/a')元素
2019-02-28 17:36:18,246 - BasePage - $(levelname)s - 点击失败'NoneType' object has no attribute 'click'
2019-02-28 17:36:26,225 - BasePage - $(levelname)s - 输入内容admin
2019-02-28 17:36:26,501 - BasePage - $(levelname)s - 输入内容shj1996
2019-02-28 17:36:26,726 - BasePage - $(levelname)s - 点击成功
2019-02-28 17:36:29,342 - BasePage - $(levelname)s - 点击成功
2019-02-28 17:36:30,695 - BasePage - $(levelname)s - 点击成功
2019-02-28 17:36:32,041 - BasePage - $(levelname)s - 点击成功
2019-02-28 17:36:32,848 - BasePage - $(levelname)s - 输入内容11111111111111111
2019-02-28 17:36:33,388 - BasePage - $(levelname)s - 输入内容5555555555555555
2019-02-28 17:36:33,865 - BasePage - $(levelname)s - 输入内容6666666666666666
2019-02-28 17:36:34,271 - BasePage - $(levelname)s - 输入内容7777777777777
2019-02-28 17:36:34,584 - BasePage - $(levelname)s - 点击成功
2019-02-28 17:36:36,303 - BasePage - $(levelname)s - 点击成功
2019-02-28 17:36:37,770 - BasePage - $(levelname)s - 点击成功
2019-02-28 17:36:37,980 - BasePage - $(levelname)s - 获取成功
2019-02-28 17:36:38,151 - BasePage - $(levelname)s - 获取成功
2019-02-28 17:36:38,307 - BasePage - $(levelname)s - 获取成功
2019-02-28 17:36:38,465 - BasePage - $(levelname)s - 获取成功
2019-02-28 17:36:38,612 - BasePage - $(levelname)s - 获取成功
2019-02-28 17:36:38,769 - BasePage - $(levelname)s - 获取成功
2019-02-28 17:36:38,940 - BasePage - $(levelname)s - 获取成功
