2019-02-28 16:57:13,124 - BasePage - $(levelname)s - 输入内容admin
2019-02-28 16:57:13,415 - BasePage - $(levelname)s - 输入内容shj1996
2019-02-28 16:57:13,649 - BasePage - $(levelname)s - 点击成功
2019-02-28 16:57:16,456 - BasePage - $(levelname)s - 点击成功
2019-02-28 16:57:18,023 - BasePage - $(levelname)s - 点击成功
2019-02-28 16:57:19,392 - BasePage - $(levelname)s - 点击成功
2019-02-28 16:57:20,245 - BasePage - $(levelname)s - 输入内容11111111111111111
2019-02-28 16:57:20,818 - BasePage - $(levelname)s - 输入内容5555555555555555
2019-02-28 16:57:21,316 - BasePage - $(levelname)s - 输入内容6666666666666666
2019-02-28 16:57:21,762 - BasePage - $(levelname)s - 输入内容7777777777777
2019-02-28 16:57:22,088 - BasePage - $(levelname)s - 点击成功
2019-02-28 16:57:24,209 - BasePage - $(levelname)s - 点击成功
2019-02-28 16:57:25,879 - BasePage - $(levelname)s - 点击成功
2019-02-28 16:57:26,070 - BasePage - $(levelname)s - 获取成功
2019-02-28 16:57:26,201 - BasePage - $(levelname)s - 获取成功
2019-02-28 16:57:26,348 - BasePage - $(levelname)s - 获取成功
2019-02-28 16:57:26,488 - BasePage - $(levelname)s - 获取成功
2019-02-28 16:57:26,618 - BasePage - $(levelname)s - 获取成功
2019-02-28 16:57:26,748 - BasePage - $(levelname)s - 获取成功
2019-02-28 16:57:26,884 - BasePage - $(levelname)s - 获取成功
