2019-02-28 19:05:41,462 - BasePage - $(levelname)s - 输入内容admin
2019-02-28 19:05:41,793 - BasePage - $(levelname)s - 输入内容shj1996
2019-02-28 19:05:42,022 - BasePage - $(levelname)s - 点击成功
2019-02-28 19:05:44,479 - BasePage - $(levelname)s - 点击成功
2019-02-28 19:05:45,847 - BasePage - $(levelname)s - 点击成功
2019-02-28 19:05:47,133 - BasePage - $(levelname)s - 点击成功
2019-02-28 19:05:48,084 - BasePage - $(levelname)s - 输入内容11111111111111111
2019-02-28 19:05:48,714 - BasePage - $(levelname)s - 输入内容5555555555555555
2019-02-28 19:05:49,265 - BasePage - $(levelname)s - 输入内容6666666666666666
2019-02-28 19:05:49,758 - BasePage - $(levelname)s - 输入内容7777777777777
2019-02-28 19:05:50,073 - BasePage - $(levelname)s - 点击成功
2019-02-28 19:08:42,976 - BasePage - $(levelname)s - 点击成功
2019-02-28 19:08:44,365 - BasePage - $(levelname)s - 点击成功
2019-02-28 19:08:44,558 - BasePage - $(levelname)s - 获取成功
2019-02-28 19:08:44,698 - BasePage - $(levelname)s - 获取成功
2019-02-28 19:08:44,845 - BasePage - $(levelname)s - 获取成功
2019-02-28 19:08:44,986 - BasePage - $(levelname)s - 获取成功
2019-02-28 19:08:45,126 - BasePage - $(levelname)s - 获取成功
2019-02-28 19:08:45,274 - BasePage - $(levelname)s - 获取成功
2019-02-28 19:08:45,409 - BasePage - $(levelname)s - 获取成功
